<?xml version="1.0" encoding="UTF-8"?>
<!-- Generated by org.testng.reporters.JUnitReportReporter -->
<testsuite hostname="LAPTOP-QKG1TJDR" failures="0" tests="4" name="api.Testcases.UserTest" time="8.172" errors="0" timestamp="2024-07-19T22:31:15 IST" skipped="0">
  <testcase classname="api.Testcases.UserTest" name="testCreateUser" time="3.402"/>
  <system-out/>
  <testcase classname="api.Testcases.UserTest" name="testGetUserData" time="1.184"/>
  <system-out/>
  <testcase classname="api.Testcases.UserTest" name="testUpdateUser" time="2.347"/>
  <system-out/>
  <testcase classname="api.Testcases.UserTest" name="testDeleteUser" time="1.239"/>
  <system-out/>
</testsuite> <!-- api.Testcases.UserTest -->
